warning: unused variable: `input`
   --> keystone-macros/src/lib.rs:156:26
    |
156 | pub fn documented_router(input: TokenStream) -> TokenStream {
    |                          ^^^^^ help: if this is intentional, prefix it with an underscore: `_input`
    |
    = note: `#[warn(unused_variables)]` on by default

warning: `keystone-macros` (lib) generated 1 warning
warning: function `create_operation_with_docs` is never used
   --> src/lib.rs:427:4
    |
427 | fn create_operation_with_docs(
    |    ^^^^^^^^^^^^^^^^^^^^^^^^^^
    |
    = note: `#[warn(dead_code)]` on by default

warning: `keystone` (lib) generated 1 warning
warning: function `__DOCS_HELLO` should have a snake case name
  --> examples/hello_world/src/main.rs:44:10
   |
44 | async fn hello() -> Json<HelloResponse> {
   |          ^^^^^ help: convert the identifier to snake case: `__docs_hello`
   |
   = note: `#[warn(non_snake_case)]` on by default

warning: function `__DOCS_GREET` should have a snake case name
  --> examples/hello_world/src/main.rs:60:10
   |
60 | async fn greet(Json(payload): Json<GreetRequest>) -> Json<GreetResponse> {
   |          ^^^^^ help: convert the identifier to snake case: `__docs_greet`

warning: function `__DOCS_GET_USER` should have a snake case name
  --> examples/hello_world/src/main.rs:76:10
   |
76 | async fn get_user(Path(UserId { id }): Path<UserId>) -> Json<UserResponse> {
   |          ^^^^^^^^ help: convert the identifier to snake case: `__docs_get_user`

warning: `hello_world` (bin "hello_world") generated 3 warnings
    Finished `dev` profile [unoptimized + debuginfo] target(s) in 0.03s
     Running `/Users/melgray/code/keystone/target/debug/hello_world`

thread 'main' panicked at examples/hello_world/src/main.rs:96:10:
called `Result::unwrap()` on an `Err` value: Os { code: 48, kind: AddrInUse, message: "Address already in use" }
note: run with `RUST_BACKTRACE=1` environment variable to display a backtrace
